(' ', 22567)
('of the', 12525)
('in the', 6437)
('to the', 4452)
('and the', 3200)
('on the', 2503)
('at the', 2097)
('by the', 1933)
('from the', 1860)
('with the', 1720)
('of a', 1708)
('it is', 1665)
('to be', 1610)
('it was', 1524)
('he had', 1417)
('in a', 1400)
('with a', 1383)
('that the', 1355)
('for the', 1325)
('he was', 1196)
('did not', 1191)
('had been', 1103)
('of his', 1077)
('may be', 1018)
('the same', 992)
('prince andrew', 976)
('into the', 965)
('that he', 878)
('as a', 855)
('as the', 852)
('in his', 799)
('to him', 796)
('all the', 738)
('and a', 687)
('the french', 680)
('one of', 676)
('there is', 674)
('i have', 668)
('and in', 653)
('the first', 647)
('was a', 646)
('could not', 639)
('i am', 633)
('and that', 615)
('when the', 607)
('is a', 592)
('to his', 590)
('the old', 583)
('was the', 575)
('for a', 574)
('should be', 573)
('with his', 570)
('who had', 533)
('him and', 533)
('to a', 532)
('and he', 532)
('as he', 531)
('is the', 529)
('out of', 526)
('to her', 521)
('the other', 520)
('as if', 518)
('in which', 504)
('the whole', 496)
('there was', 496)
('united states', 496)
('have been', 491)
('by a', 486)
('that it', 485)
('they were', 485)
('the emperor', 479)
('the united', 465)
('princess mary', 464)
('and to', 458)
('was not', 454)
(' the', 451)
('up to', 444)
('and his', 443)
('and i', 443)
('but the', 441)
('of this', 423)
('that i', 423)
('said the', 422)
('he said', 422)
('through the', 420)
('would be', 416)
('over the', 415)
('which he', 414)
('on his', 413)
('upon the', 412)
('has been', 410)
('seemed to', 409)
('is not', 404)
('said he', 404)
('and then', 399)
('she had', 398)
('under the', 390)
('he is', 389)
('when he', 383)
('of her', 381)
